2024-05-08 09:18:36,606 - INFO - 

 Twitter API Got Initialized
2024-05-08 09:19:14,533 - INFO - 

 Twitter API Got Initialized
2024-05-08 09:19:52,703 - INFO - 

 Twitter API Got Initialized
2024-05-08 09:19:53,752 - INFO -    Unnamed: 0                      date  tweets_count  date_only
0           0  2024-05-01T03:49:45.000Z            83 2024-05-01
1           1  2024-05-02T00:00:00.000Z            65 2024-05-02
2           2  2024-05-03T00:00:00.000Z            38 2024-05-03
3           3  2024-05-04T00:00:00.000Z           188 2024-05-04
4           4  2024-05-05T00:00:00.000Z            70 2024-05-05
5           5  2024-05-06T00:00:00.000Z            36 2024-05-06
6           6  2024-05-07T00:00:00.000Z            79 2024-05-07
7           7  2024-05-08T00:00:00.000Z             5 2024-05-08
2024-05-08 09:20:02,091 - INFO - 

 Twitter API Got Initialized
2024-05-08 09:20:02,094 - INFO -    Unnamed: 0                      date  tweets_count  date_only
0           0  2024-05-01T03:49:45.000Z            83 2024-05-01
1           1  2024-05-02T00:00:00.000Z            65 2024-05-02
2           2  2024-05-03T00:00:00.000Z            38 2024-05-03
3           3  2024-05-04T00:00:00.000Z           188 2024-05-04
4           4  2024-05-05T00:00:00.000Z            70 2024-05-05
5           5  2024-05-06T00:00:00.000Z            36 2024-05-06
6           6  2024-05-07T00:00:00.000Z            79 2024-05-07
7           7  2024-05-08T00:00:00.000Z             5 2024-05-08
2024-05-08 09:20:23,052 - INFO - 

 Twitter API Got Initialized
2024-05-08 09:20:23,054 - INFO -    Unnamed: 0                      date  tweets_count  date_only
0           0  2024-05-01T03:49:45.000Z            83 2024-05-01
1           1  2024-05-02T00:00:00.000Z            65 2024-05-02
2           2  2024-05-03T00:00:00.000Z            38 2024-05-03
3           3  2024-05-04T00:00:00.000Z           188 2024-05-04
4           4  2024-05-05T00:00:00.000Z            70 2024-05-05
5           5  2024-05-06T00:00:00.000Z            36 2024-05-06
6           6  2024-05-07T00:00:00.000Z            79 2024-05-07
7           7  2024-05-08T00:00:00.000Z             5 2024-05-08
2024-05-08 09:20:25,238 - INFO - 

 Twitter API Got Initialized
2024-05-08 09:20:25,238 - INFO -    Unnamed: 0                      date  tweets_count  date_only
0           0  2024-05-01T03:49:45.000Z            83 2024-05-01
1           1  2024-05-02T00:00:00.000Z            65 2024-05-02
2           2  2024-05-03T00:00:00.000Z            38 2024-05-03
3           3  2024-05-04T00:00:00.000Z           188 2024-05-04
4           4  2024-05-05T00:00:00.000Z            70 2024-05-05
5           5  2024-05-06T00:00:00.000Z            36 2024-05-06
6           6  2024-05-07T00:00:00.000Z            79 2024-05-07
7           7  2024-05-08T00:00:00.000Z             5 2024-05-08
2024-05-08 09:31:30,405 - INFO - 

 Twitter API Got Initialized
2024-05-08 09:31:31,467 - INFO -    Unnamed: 0                      date  tweets_count  date_only
0           0  2024-05-01T04:01:23.000Z           545 2024-05-01
1           1  2024-05-02T00:00:00.000Z          1091 2024-05-02
2           2  2024-05-03T00:00:00.000Z           845 2024-05-03
3           3  2024-05-04T00:00:00.000Z           993 2024-05-04
4           4  2024-05-05T00:00:00.000Z          1190 2024-05-05
5           5  2024-05-06T00:00:00.000Z         15806 2024-05-06
6           6  2024-05-07T00:00:00.000Z         10088 2024-05-07
7           7  2024-05-08T00:00:00.000Z          2859 2024-05-08
2024-05-08 09:31:36,171 - INFO - 

 Twitter API Got Initialized
2024-05-08 09:31:36,173 - INFO -    Unnamed: 0                      date  tweets_count  date_only
0           0  2024-05-01T04:01:23.000Z           545 2024-05-01
1           1  2024-05-02T00:00:00.000Z          1091 2024-05-02
2           2  2024-05-03T00:00:00.000Z           845 2024-05-03
3           3  2024-05-04T00:00:00.000Z           993 2024-05-04
4           4  2024-05-05T00:00:00.000Z          1190 2024-05-05
5           5  2024-05-06T00:00:00.000Z         15806 2024-05-06
6           6  2024-05-07T00:00:00.000Z         10088 2024-05-07
7           7  2024-05-08T00:00:00.000Z          2859 2024-05-08
2024-05-08 09:31:48,534 - INFO - 

 Twitter API Got Initialized
2024-05-08 09:31:48,534 - INFO -    Unnamed: 0                      date  tweets_count  date_only
0           0  2024-05-01T04:01:23.000Z           545 2024-05-01
1           1  2024-05-02T00:00:00.000Z          1091 2024-05-02
2           2  2024-05-03T00:00:00.000Z           845 2024-05-03
3           3  2024-05-04T00:00:00.000Z           993 2024-05-04
4           4  2024-05-05T00:00:00.000Z          1190 2024-05-05
5           5  2024-05-06T00:00:00.000Z         15806 2024-05-06
6           6  2024-05-07T00:00:00.000Z         10088 2024-05-07
7           7  2024-05-08T00:00:00.000Z          2859 2024-05-08
2024-05-08 09:40:29,219 - INFO - 

 Twitter API Got Initialized
2024-05-08 09:40:30,611 - INFO -    Unnamed: 0                      date  tweets_count  date_only
0           0  2024-05-01T04:10:22.000Z           461 2024-05-01
1           1  2024-05-02T00:00:00.000Z           512 2024-05-02
2           2  2024-05-03T00:00:00.000Z           874 2024-05-03
3           3  2024-05-04T00:00:00.000Z          1905 2024-05-04
4           4  2024-05-05T00:00:00.000Z          3274 2024-05-05
5           5  2024-05-06T00:00:00.000Z          6905 2024-05-06
6           6  2024-05-07T00:00:00.000Z          3481 2024-05-07
7           7  2024-05-08T00:00:00.000Z           466 2024-05-08
2024-05-08 09:40:34,412 - INFO - 

 Twitter API Got Initialized
2024-05-08 09:40:34,414 - INFO -    Unnamed: 0                      date  tweets_count  date_only
0           0  2024-05-01T04:10:22.000Z           461 2024-05-01
1           1  2024-05-02T00:00:00.000Z           512 2024-05-02
2           2  2024-05-03T00:00:00.000Z           874 2024-05-03
3           3  2024-05-04T00:00:00.000Z          1905 2024-05-04
4           4  2024-05-05T00:00:00.000Z          3274 2024-05-05
5           5  2024-05-06T00:00:00.000Z          6905 2024-05-06
6           6  2024-05-07T00:00:00.000Z          3481 2024-05-07
7           7  2024-05-08T00:00:00.000Z           466 2024-05-08
2024-05-08 09:40:35,449 - INFO - 

 Twitter API Got Initialized
2024-05-08 09:40:35,451 - INFO -    Unnamed: 0                      date  tweets_count  date_only
0           0  2024-05-01T04:10:22.000Z           461 2024-05-01
1           1  2024-05-02T00:00:00.000Z           512 2024-05-02
2           2  2024-05-03T00:00:00.000Z           874 2024-05-03
3           3  2024-05-04T00:00:00.000Z          1905 2024-05-04
4           4  2024-05-05T00:00:00.000Z          3274 2024-05-05
5           5  2024-05-06T00:00:00.000Z          6905 2024-05-06
6           6  2024-05-07T00:00:00.000Z          3481 2024-05-07
7           7  2024-05-08T00:00:00.000Z           466 2024-05-08
2024-05-08 09:42:12,254 - INFO - 

 Twitter API Got Initialized
2024-05-08 09:42:13,241 - INFO -    Unnamed: 0                      date  tweets_count  date_only
0           0  2024-05-01T04:12:05.000Z           459 2024-05-01
1           1  2024-05-02T00:00:00.000Z           512 2024-05-02
2           2  2024-05-03T00:00:00.000Z           874 2024-05-03
3           3  2024-05-04T00:00:00.000Z          1905 2024-05-04
4           4  2024-05-05T00:00:00.000Z          3274 2024-05-05
5           5  2024-05-06T00:00:00.000Z          6904 2024-05-06
6           6  2024-05-07T00:00:00.000Z          3481 2024-05-07
7           7  2024-05-08T00:00:00.000Z           475 2024-05-08
2024-05-08 09:42:16,005 - INFO - 

 Twitter API Got Initialized
2024-05-08 09:42:16,005 - INFO -    Unnamed: 0                      date  tweets_count  date_only
0           0  2024-05-01T04:12:05.000Z           459 2024-05-01
1           1  2024-05-02T00:00:00.000Z           512 2024-05-02
2           2  2024-05-03T00:00:00.000Z           874 2024-05-03
3           3  2024-05-04T00:00:00.000Z          1905 2024-05-04
4           4  2024-05-05T00:00:00.000Z          3274 2024-05-05
5           5  2024-05-06T00:00:00.000Z          6904 2024-05-06
6           6  2024-05-07T00:00:00.000Z          3481 2024-05-07
7           7  2024-05-08T00:00:00.000Z           475 2024-05-08
2024-05-08 09:42:17,998 - INFO - 

 Twitter API Got Initialized
2024-05-08 09:42:17,998 - INFO -    Unnamed: 0                      date  tweets_count  date_only
0           0  2024-05-01T04:12:05.000Z           459 2024-05-01
1           1  2024-05-02T00:00:00.000Z           512 2024-05-02
2           2  2024-05-03T00:00:00.000Z           874 2024-05-03
3           3  2024-05-04T00:00:00.000Z          1905 2024-05-04
4           4  2024-05-05T00:00:00.000Z          3274 2024-05-05
5           5  2024-05-06T00:00:00.000Z          6904 2024-05-06
6           6  2024-05-07T00:00:00.000Z          3481 2024-05-07
7           7  2024-05-08T00:00:00.000Z           475 2024-05-08
2024-05-08 09:42:19,532 - INFO - 

 Twitter API Got Initialized
2024-05-08 09:42:19,532 - INFO -    Unnamed: 0                      date  tweets_count  date_only
0           0  2024-05-01T04:12:05.000Z           459 2024-05-01
1           1  2024-05-02T00:00:00.000Z           512 2024-05-02
2           2  2024-05-03T00:00:00.000Z           874 2024-05-03
3           3  2024-05-04T00:00:00.000Z          1905 2024-05-04
4           4  2024-05-05T00:00:00.000Z          3274 2024-05-05
5           5  2024-05-06T00:00:00.000Z          6904 2024-05-06
6           6  2024-05-07T00:00:00.000Z          3481 2024-05-07
7           7  2024-05-08T00:00:00.000Z           475 2024-05-08
2024-05-08 09:42:21,147 - INFO - 

 Twitter API Got Initialized
2024-05-08 09:42:21,147 - INFO -    Unnamed: 0                      date  tweets_count  date_only
0           0  2024-05-01T04:12:05.000Z           459 2024-05-01
1           1  2024-05-02T00:00:00.000Z           512 2024-05-02
2           2  2024-05-03T00:00:00.000Z           874 2024-05-03
3           3  2024-05-04T00:00:00.000Z          1905 2024-05-04
4           4  2024-05-05T00:00:00.000Z          3274 2024-05-05
5           5  2024-05-06T00:00:00.000Z          6904 2024-05-06
6           6  2024-05-07T00:00:00.000Z          3481 2024-05-07
7           7  2024-05-08T00:00:00.000Z           475 2024-05-08
2024-05-08 09:42:22,197 - INFO - 

 Twitter API Got Initialized
2024-05-08 09:42:22,197 - INFO -    Unnamed: 0                      date  tweets_count  date_only
0           0  2024-05-01T04:12:05.000Z           459 2024-05-01
1           1  2024-05-02T00:00:00.000Z           512 2024-05-02
2           2  2024-05-03T00:00:00.000Z           874 2024-05-03
3           3  2024-05-04T00:00:00.000Z          1905 2024-05-04
4           4  2024-05-05T00:00:00.000Z          3274 2024-05-05
5           5  2024-05-06T00:00:00.000Z          6904 2024-05-06
6           6  2024-05-07T00:00:00.000Z          3481 2024-05-07
7           7  2024-05-08T00:00:00.000Z           475 2024-05-08
2024-05-08 09:42:23,064 - INFO - 

 Twitter API Got Initialized
2024-05-08 09:42:23,064 - INFO -    Unnamed: 0                      date  tweets_count  date_only
0           0  2024-05-01T04:12:05.000Z           459 2024-05-01
1           1  2024-05-02T00:00:00.000Z           512 2024-05-02
2           2  2024-05-03T00:00:00.000Z           874 2024-05-03
3           3  2024-05-04T00:00:00.000Z          1905 2024-05-04
4           4  2024-05-05T00:00:00.000Z          3274 2024-05-05
5           5  2024-05-06T00:00:00.000Z          6904 2024-05-06
6           6  2024-05-07T00:00:00.000Z          3481 2024-05-07
7           7  2024-05-08T00:00:00.000Z           475 2024-05-08
2024-05-08 09:42:26,230 - INFO - 

 Twitter API Got Initialized
2024-05-08 09:42:26,230 - INFO -    Unnamed: 0                      date  tweets_count  date_only
0           0  2024-05-01T04:12:05.000Z           459 2024-05-01
1           1  2024-05-02T00:00:00.000Z           512 2024-05-02
2           2  2024-05-03T00:00:00.000Z           874 2024-05-03
3           3  2024-05-04T00:00:00.000Z          1905 2024-05-04
4           4  2024-05-05T00:00:00.000Z          3274 2024-05-05
5           5  2024-05-06T00:00:00.000Z          6904 2024-05-06
6           6  2024-05-07T00:00:00.000Z          3481 2024-05-07
7           7  2024-05-08T00:00:00.000Z           475 2024-05-08
2024-05-08 09:43:08,746 - INFO - 

 Twitter API Got Initialized
2024-05-08 09:43:08,748 - INFO -    Unnamed: 0                      date  tweets_count  date_only
0           0  2024-05-01T04:12:05.000Z           459 2024-05-01
1           1  2024-05-02T00:00:00.000Z           512 2024-05-02
2           2  2024-05-03T00:00:00.000Z           874 2024-05-03
3           3  2024-05-04T00:00:00.000Z          1905 2024-05-04
4           4  2024-05-05T00:00:00.000Z          3274 2024-05-05
5           5  2024-05-06T00:00:00.000Z          6904 2024-05-06
6           6  2024-05-07T00:00:00.000Z          3481 2024-05-07
7           7  2024-05-08T00:00:00.000Z           475 2024-05-08
2024-05-08 09:43:10,231 - INFO - 

 Twitter API Got Initialized
2024-05-08 09:43:10,231 - INFO -    Unnamed: 0                      date  tweets_count  date_only
0           0  2024-05-01T04:12:05.000Z           459 2024-05-01
1           1  2024-05-02T00:00:00.000Z           512 2024-05-02
2           2  2024-05-03T00:00:00.000Z           874 2024-05-03
3           3  2024-05-04T00:00:00.000Z          1905 2024-05-04
4           4  2024-05-05T00:00:00.000Z          3274 2024-05-05
5           5  2024-05-06T00:00:00.000Z          6904 2024-05-06
6           6  2024-05-07T00:00:00.000Z          3481 2024-05-07
7           7  2024-05-08T00:00:00.000Z           475 2024-05-08
2024-05-08 09:43:14,726 - INFO - 

 Twitter API Got Initialized
2024-05-08 09:43:14,727 - INFO -    Unnamed: 0                      date  tweets_count  date_only
0           0  2024-05-01T04:12:05.000Z           459 2024-05-01
1           1  2024-05-02T00:00:00.000Z           512 2024-05-02
2           2  2024-05-03T00:00:00.000Z           874 2024-05-03
3           3  2024-05-04T00:00:00.000Z          1905 2024-05-04
4           4  2024-05-05T00:00:00.000Z          3274 2024-05-05
5           5  2024-05-06T00:00:00.000Z          6904 2024-05-06
6           6  2024-05-07T00:00:00.000Z          3481 2024-05-07
7           7  2024-05-08T00:00:00.000Z           475 2024-05-08
2024-05-08 09:43:17,904 - INFO - 

 Twitter API Got Initialized
2024-05-08 09:43:17,905 - INFO -    Unnamed: 0                      date  tweets_count  date_only
0           0  2024-05-01T04:12:05.000Z           459 2024-05-01
1           1  2024-05-02T00:00:00.000Z           512 2024-05-02
2           2  2024-05-03T00:00:00.000Z           874 2024-05-03
3           3  2024-05-04T00:00:00.000Z          1905 2024-05-04
4           4  2024-05-05T00:00:00.000Z          3274 2024-05-05
5           5  2024-05-06T00:00:00.000Z          6904 2024-05-06
6           6  2024-05-07T00:00:00.000Z          3481 2024-05-07
7           7  2024-05-08T00:00:00.000Z           475 2024-05-08
2024-05-08 09:43:18,695 - INFO - 

 Twitter API Got Initialized
2024-05-08 09:43:18,695 - INFO -    Unnamed: 0                      date  tweets_count  date_only
0           0  2024-05-01T04:12:05.000Z           459 2024-05-01
1           1  2024-05-02T00:00:00.000Z           512 2024-05-02
2           2  2024-05-03T00:00:00.000Z           874 2024-05-03
3           3  2024-05-04T00:00:00.000Z          1905 2024-05-04
4           4  2024-05-05T00:00:00.000Z          3274 2024-05-05
5           5  2024-05-06T00:00:00.000Z          6904 2024-05-06
6           6  2024-05-07T00:00:00.000Z          3481 2024-05-07
7           7  2024-05-08T00:00:00.000Z           475 2024-05-08
2024-05-08 09:43:19,186 - INFO - 

 Twitter API Got Initialized
2024-05-08 09:43:19,186 - INFO -    Unnamed: 0                      date  tweets_count  date_only
0           0  2024-05-01T04:12:05.000Z           459 2024-05-01
1           1  2024-05-02T00:00:00.000Z           512 2024-05-02
2           2  2024-05-03T00:00:00.000Z           874 2024-05-03
3           3  2024-05-04T00:00:00.000Z          1905 2024-05-04
4           4  2024-05-05T00:00:00.000Z          3274 2024-05-05
5           5  2024-05-06T00:00:00.000Z          6904 2024-05-06
6           6  2024-05-07T00:00:00.000Z          3481 2024-05-07
7           7  2024-05-08T00:00:00.000Z           475 2024-05-08
2024-05-08 09:43:20,546 - INFO - 

 Twitter API Got Initialized
2024-05-08 09:43:20,546 - INFO -    Unnamed: 0                      date  tweets_count  date_only
0           0  2024-05-01T04:12:05.000Z           459 2024-05-01
1           1  2024-05-02T00:00:00.000Z           512 2024-05-02
2           2  2024-05-03T00:00:00.000Z           874 2024-05-03
3           3  2024-05-04T00:00:00.000Z          1905 2024-05-04
4           4  2024-05-05T00:00:00.000Z          3274 2024-05-05
5           5  2024-05-06T00:00:00.000Z          6904 2024-05-06
6           6  2024-05-07T00:00:00.000Z          3481 2024-05-07
7           7  2024-05-08T00:00:00.000Z           475 2024-05-08
2024-05-08 09:43:21,004 - INFO - 

 Twitter API Got Initialized
2024-05-08 09:43:21,004 - INFO -    Unnamed: 0                      date  tweets_count  date_only
0           0  2024-05-01T04:12:05.000Z           459 2024-05-01
1           1  2024-05-02T00:00:00.000Z           512 2024-05-02
2           2  2024-05-03T00:00:00.000Z           874 2024-05-03
3           3  2024-05-04T00:00:00.000Z          1905 2024-05-04
4           4  2024-05-05T00:00:00.000Z          3274 2024-05-05
5           5  2024-05-06T00:00:00.000Z          6904 2024-05-06
6           6  2024-05-07T00:00:00.000Z          3481 2024-05-07
7           7  2024-05-08T00:00:00.000Z           475 2024-05-08
2024-05-08 09:43:21,288 - INFO - 

 Twitter API Got Initialized
2024-05-08 09:43:21,288 - INFO -    Unnamed: 0                      date  tweets_count  date_only
0           0  2024-05-01T04:12:05.000Z           459 2024-05-01
1           1  2024-05-02T00:00:00.000Z           512 2024-05-02
2           2  2024-05-03T00:00:00.000Z           874 2024-05-03
3           3  2024-05-04T00:00:00.000Z          1905 2024-05-04
4           4  2024-05-05T00:00:00.000Z          3274 2024-05-05
5           5  2024-05-06T00:00:00.000Z          6904 2024-05-06
6           6  2024-05-07T00:00:00.000Z          3481 2024-05-07
7           7  2024-05-08T00:00:00.000Z           475 2024-05-08
2024-05-08 09:43:22,161 - INFO - 

 Twitter API Got Initialized
2024-05-08 09:43:22,161 - INFO -    Unnamed: 0                      date  tweets_count  date_only
0           0  2024-05-01T04:12:05.000Z           459 2024-05-01
1           1  2024-05-02T00:00:00.000Z           512 2024-05-02
2           2  2024-05-03T00:00:00.000Z           874 2024-05-03
3           3  2024-05-04T00:00:00.000Z          1905 2024-05-04
4           4  2024-05-05T00:00:00.000Z          3274 2024-05-05
5           5  2024-05-06T00:00:00.000Z          6904 2024-05-06
6           6  2024-05-07T00:00:00.000Z          3481 2024-05-07
7           7  2024-05-08T00:00:00.000Z           475 2024-05-08
2024-05-08 09:43:23,195 - INFO - 

 Twitter API Got Initialized
2024-05-08 09:43:23,195 - INFO -    Unnamed: 0                      date  tweets_count  date_only
0           0  2024-05-01T04:12:05.000Z           459 2024-05-01
1           1  2024-05-02T00:00:00.000Z           512 2024-05-02
2           2  2024-05-03T00:00:00.000Z           874 2024-05-03
3           3  2024-05-04T00:00:00.000Z          1905 2024-05-04
4           4  2024-05-05T00:00:00.000Z          3274 2024-05-05
5           5  2024-05-06T00:00:00.000Z          6904 2024-05-06
6           6  2024-05-07T00:00:00.000Z          3481 2024-05-07
7           7  2024-05-08T00:00:00.000Z           475 2024-05-08
2024-05-08 09:43:24,319 - INFO - 

 Twitter API Got Initialized
2024-05-08 09:43:24,319 - INFO -    Unnamed: 0                      date  tweets_count  date_only
0           0  2024-05-01T04:12:05.000Z           459 2024-05-01
1           1  2024-05-02T00:00:00.000Z           512 2024-05-02
2           2  2024-05-03T00:00:00.000Z           874 2024-05-03
3           3  2024-05-04T00:00:00.000Z          1905 2024-05-04
4           4  2024-05-05T00:00:00.000Z          3274 2024-05-05
5           5  2024-05-06T00:00:00.000Z          6904 2024-05-06
6           6  2024-05-07T00:00:00.000Z          3481 2024-05-07
7           7  2024-05-08T00:00:00.000Z           475 2024-05-08
2024-05-08 09:50:37,310 - INFO - 

 Twitter API Got Initialized
2024-05-08 09:50:37,312 - INFO -    Unnamed: 0                      date  tweets_count  date_only
0           0  2024-05-01T04:12:05.000Z           459 2024-05-01
1           1  2024-05-02T00:00:00.000Z           512 2024-05-02
2           2  2024-05-03T00:00:00.000Z           874 2024-05-03
3           3  2024-05-04T00:00:00.000Z          1905 2024-05-04
4           4  2024-05-05T00:00:00.000Z          3274 2024-05-05
5           5  2024-05-06T00:00:00.000Z          6904 2024-05-06
6           6  2024-05-07T00:00:00.000Z          3481 2024-05-07
7           7  2024-05-08T00:00:00.000Z           475 2024-05-08
2024-05-08 09:50:37,510 - INFO - 

 Twitter API Got Initialized
2024-05-08 09:50:38,858 - INFO -    Unnamed: 0                      date  tweets_count  date_only
0           0  2024-05-01T04:20:30.000Z         20935 2024-05-01
1           1  2024-05-02T00:00:00.000Z         42608 2024-05-02
2           2  2024-05-03T00:00:00.000Z         25661 2024-05-03
3           3  2024-05-04T00:00:00.000Z         18388 2024-05-04
4           4  2024-05-05T00:00:00.000Z         19254 2024-05-05
5           5  2024-05-06T00:00:00.000Z         40979 2024-05-06
6           6  2024-05-07T00:00:00.000Z         54809 2024-05-07
7           7  2024-05-08T00:00:00.000Z          7371 2024-05-08
2024-05-08 09:50:50,214 - INFO - 

 Twitter API Got Initialized
2024-05-08 09:50:50,214 - INFO -    Unnamed: 0                      date  tweets_count  date_only
0           0  2024-05-01T04:20:30.000Z         20935 2024-05-01
1           1  2024-05-02T00:00:00.000Z         42608 2024-05-02
2           2  2024-05-03T00:00:00.000Z         25661 2024-05-03
3           3  2024-05-04T00:00:00.000Z         18388 2024-05-04
4           4  2024-05-05T00:00:00.000Z         19254 2024-05-05
5           5  2024-05-06T00:00:00.000Z         40979 2024-05-06
6           6  2024-05-07T00:00:00.000Z         54809 2024-05-07
7           7  2024-05-08T00:00:00.000Z          7371 2024-05-08
2024-05-08 09:50:51,579 - INFO - 

 Twitter API Got Initialized
2024-05-08 09:50:51,580 - INFO -    Unnamed: 0                      date  tweets_count  date_only
0           0  2024-05-01T04:20:30.000Z         20935 2024-05-01
1           1  2024-05-02T00:00:00.000Z         42608 2024-05-02
2           2  2024-05-03T00:00:00.000Z         25661 2024-05-03
3           3  2024-05-04T00:00:00.000Z         18388 2024-05-04
4           4  2024-05-05T00:00:00.000Z         19254 2024-05-05
5           5  2024-05-06T00:00:00.000Z         40979 2024-05-06
6           6  2024-05-07T00:00:00.000Z         54809 2024-05-07
7           7  2024-05-08T00:00:00.000Z          7371 2024-05-08
2024-05-08 09:50:52,864 - INFO - 

 Twitter API Got Initialized
2024-05-08 09:50:52,864 - INFO -    Unnamed: 0                      date  tweets_count  date_only
0           0  2024-05-01T04:20:30.000Z         20935 2024-05-01
1           1  2024-05-02T00:00:00.000Z         42608 2024-05-02
2           2  2024-05-03T00:00:00.000Z         25661 2024-05-03
3           3  2024-05-04T00:00:00.000Z         18388 2024-05-04
4           4  2024-05-05T00:00:00.000Z         19254 2024-05-05
5           5  2024-05-06T00:00:00.000Z         40979 2024-05-06
6           6  2024-05-07T00:00:00.000Z         54809 2024-05-07
7           7  2024-05-08T00:00:00.000Z          7371 2024-05-08
2024-05-08 09:50:53,980 - INFO - 

 Twitter API Got Initialized
2024-05-08 09:50:53,980 - INFO -    Unnamed: 0                      date  tweets_count  date_only
0           0  2024-05-01T04:20:30.000Z         20935 2024-05-01
1           1  2024-05-02T00:00:00.000Z         42608 2024-05-02
2           2  2024-05-03T00:00:00.000Z         25661 2024-05-03
3           3  2024-05-04T00:00:00.000Z         18388 2024-05-04
4           4  2024-05-05T00:00:00.000Z         19254 2024-05-05
5           5  2024-05-06T00:00:00.000Z         40979 2024-05-06
6           6  2024-05-07T00:00:00.000Z         54809 2024-05-07
7           7  2024-05-08T00:00:00.000Z          7371 2024-05-08
2024-05-08 09:50:56,297 - INFO - 

 Twitter API Got Initialized
2024-05-08 09:50:56,297 - INFO -    Unnamed: 0                      date  tweets_count  date_only
0           0  2024-05-01T04:20:30.000Z         20935 2024-05-01
1           1  2024-05-02T00:00:00.000Z         42608 2024-05-02
2           2  2024-05-03T00:00:00.000Z         25661 2024-05-03
3           3  2024-05-04T00:00:00.000Z         18388 2024-05-04
4           4  2024-05-05T00:00:00.000Z         19254 2024-05-05
5           5  2024-05-06T00:00:00.000Z         40979 2024-05-06
6           6  2024-05-07T00:00:00.000Z         54809 2024-05-07
7           7  2024-05-08T00:00:00.000Z          7371 2024-05-08
2024-05-08 09:50:57,396 - INFO - 

 Twitter API Got Initialized
2024-05-08 09:50:57,396 - INFO -    Unnamed: 0                      date  tweets_count  date_only
0           0  2024-05-01T04:20:30.000Z         20935 2024-05-01
1           1  2024-05-02T00:00:00.000Z         42608 2024-05-02
2           2  2024-05-03T00:00:00.000Z         25661 2024-05-03
3           3  2024-05-04T00:00:00.000Z         18388 2024-05-04
4           4  2024-05-05T00:00:00.000Z         19254 2024-05-05
5           5  2024-05-06T00:00:00.000Z         40979 2024-05-06
6           6  2024-05-07T00:00:00.000Z         54809 2024-05-07
7           7  2024-05-08T00:00:00.000Z          7371 2024-05-08
2024-05-08 09:50:59,159 - INFO - 

 Twitter API Got Initialized
2024-05-08 09:50:59,159 - INFO -    Unnamed: 0                      date  tweets_count  date_only
0           0  2024-05-01T04:20:30.000Z         20935 2024-05-01
1           1  2024-05-02T00:00:00.000Z         42608 2024-05-02
2           2  2024-05-03T00:00:00.000Z         25661 2024-05-03
3           3  2024-05-04T00:00:00.000Z         18388 2024-05-04
4           4  2024-05-05T00:00:00.000Z         19254 2024-05-05
5           5  2024-05-06T00:00:00.000Z         40979 2024-05-06
6           6  2024-05-07T00:00:00.000Z         54809 2024-05-07
7           7  2024-05-08T00:00:00.000Z          7371 2024-05-08
2024-05-08 10:02:53,512 - INFO - 

 Twitter API Got Initialized
2024-05-08 10:02:54,682 - INFO -    Unnamed: 0                      date  tweets_count  date_only
0           0  2024-05-01T04:32:46.000Z             0 2024-05-01
1           1  2024-05-02T00:00:00.000Z             0 2024-05-02
2           2  2024-05-03T00:00:00.000Z             0 2024-05-03
3           3  2024-05-04T00:00:00.000Z             0 2024-05-04
4           4  2024-05-05T00:00:00.000Z           650 2024-05-05
5           5  2024-05-06T00:00:00.000Z         24215 2024-05-06
6           6  2024-05-07T00:00:00.000Z         14060 2024-05-07
7           7  2024-05-08T00:00:00.000Z          1480 2024-05-08
2024-05-08 10:02:58,636 - INFO - 

 Twitter API Got Initialized
2024-05-08 10:02:58,638 - INFO -    Unnamed: 0                      date  tweets_count  date_only
0           0  2024-05-01T04:32:46.000Z             0 2024-05-01
1           1  2024-05-02T00:00:00.000Z             0 2024-05-02
2           2  2024-05-03T00:00:00.000Z             0 2024-05-03
3           3  2024-05-04T00:00:00.000Z             0 2024-05-04
4           4  2024-05-05T00:00:00.000Z           650 2024-05-05
5           5  2024-05-06T00:00:00.000Z         24215 2024-05-06
6           6  2024-05-07T00:00:00.000Z         14060 2024-05-07
7           7  2024-05-08T00:00:00.000Z          1480 2024-05-08
2024-05-08 10:03:04,439 - INFO - 

 Twitter API Got Initialized
2024-05-08 10:03:04,439 - INFO -    Unnamed: 0                      date  tweets_count  date_only
0           0  2024-05-01T04:32:46.000Z             0 2024-05-01
1           1  2024-05-02T00:00:00.000Z             0 2024-05-02
2           2  2024-05-03T00:00:00.000Z             0 2024-05-03
3           3  2024-05-04T00:00:00.000Z             0 2024-05-04
4           4  2024-05-05T00:00:00.000Z           650 2024-05-05
5           5  2024-05-06T00:00:00.000Z         24215 2024-05-06
6           6  2024-05-07T00:00:00.000Z         14060 2024-05-07
7           7  2024-05-08T00:00:00.000Z          1480 2024-05-08
2024-05-08 10:11:13,368 - INFO - 

 Twitter API Got Initialized
2024-05-08 10:11:14,331 - INFO -    Unnamed: 0                      date  tweets_count  date_only
0           0  2024-05-01T04:41:06.000Z           301 2024-05-01
1           1  2024-05-02T00:00:00.000Z           775 2024-05-02
2           2  2024-05-03T00:00:00.000Z           608 2024-05-03
3           3  2024-05-04T00:00:00.000Z          2192 2024-05-04
4           4  2024-05-05T00:00:00.000Z          5345 2024-05-05
5           5  2024-05-06T00:00:00.000Z          3032 2024-05-06
6           6  2024-05-07T00:00:00.000Z          2501 2024-05-07
7           7  2024-05-08T00:00:00.000Z           253 2024-05-08
2024-05-08 10:11:17,702 - INFO - 

 Twitter API Got Initialized
2024-05-08 10:11:17,704 - INFO -    Unnamed: 0                      date  tweets_count  date_only
0           0  2024-05-01T04:41:06.000Z           301 2024-05-01
1           1  2024-05-02T00:00:00.000Z           775 2024-05-02
2           2  2024-05-03T00:00:00.000Z           608 2024-05-03
3           3  2024-05-04T00:00:00.000Z          2192 2024-05-04
4           4  2024-05-05T00:00:00.000Z          5345 2024-05-05
5           5  2024-05-06T00:00:00.000Z          3032 2024-05-06
6           6  2024-05-07T00:00:00.000Z          2501 2024-05-07
7           7  2024-05-08T00:00:00.000Z           253 2024-05-08
2024-05-08 10:11:18,979 - INFO - 

 Twitter API Got Initialized
2024-05-08 10:11:18,981 - INFO -    Unnamed: 0                      date  tweets_count  date_only
0           0  2024-05-01T04:41:06.000Z           301 2024-05-01
1           1  2024-05-02T00:00:00.000Z           775 2024-05-02
2           2  2024-05-03T00:00:00.000Z           608 2024-05-03
3           3  2024-05-04T00:00:00.000Z          2192 2024-05-04
4           4  2024-05-05T00:00:00.000Z          5345 2024-05-05
5           5  2024-05-06T00:00:00.000Z          3032 2024-05-06
6           6  2024-05-07T00:00:00.000Z          2501 2024-05-07
7           7  2024-05-08T00:00:00.000Z           253 2024-05-08
2024-05-08 10:12:41,594 - INFO - 

 Twitter API Got Initialized
2024-05-08 10:12:42,608 - INFO -    Unnamed: 0                      date  tweets_count  date_only
0           0  2024-05-01T04:42:34.000Z           301 2024-05-01
1           1  2024-05-02T00:00:00.000Z           775 2024-05-02
2           2  2024-05-03T00:00:00.000Z           608 2024-05-03
3           3  2024-05-04T00:00:00.000Z          2192 2024-05-04
4           4  2024-05-05T00:00:00.000Z          5345 2024-05-05
5           5  2024-05-06T00:00:00.000Z          3032 2024-05-06
6           6  2024-05-07T00:00:00.000Z          2501 2024-05-07
7           7  2024-05-08T00:00:00.000Z           255 2024-05-08
2024-05-08 10:13:14,068 - INFO - 

 Twitter API Got Initialized
2024-05-08 10:13:15,045 - INFO -    Unnamed: 0                      date  tweets_count  date_only
0           0  2024-05-01T04:43:07.000Z           959 2024-05-01
1           1  2024-05-02T00:00:00.000Z           871 2024-05-02
2           2  2024-05-03T00:00:00.000Z           768 2024-05-03
3           3  2024-05-04T00:00:00.000Z           656 2024-05-04
4           4  2024-05-05T00:00:00.000Z           975 2024-05-05
5           5  2024-05-06T00:00:00.000Z         15119 2024-05-06
6           6  2024-05-07T00:00:00.000Z          8251 2024-05-07
7           7  2024-05-08T00:00:00.000Z          6992 2024-05-08
2024-05-08 10:13:18,515 - INFO - 

 Twitter API Got Initialized
2024-05-08 10:13:18,517 - INFO -    Unnamed: 0                      date  tweets_count  date_only
0           0  2024-05-01T04:43:07.000Z           959 2024-05-01
1           1  2024-05-02T00:00:00.000Z           871 2024-05-02
2           2  2024-05-03T00:00:00.000Z           768 2024-05-03
3           3  2024-05-04T00:00:00.000Z           656 2024-05-04
4           4  2024-05-05T00:00:00.000Z           975 2024-05-05
5           5  2024-05-06T00:00:00.000Z         15119 2024-05-06
6           6  2024-05-07T00:00:00.000Z          8251 2024-05-07
7           7  2024-05-08T00:00:00.000Z          6992 2024-05-08
2024-05-08 10:13:22,424 - INFO - 

 Twitter API Got Initialized
2024-05-08 10:13:22,424 - INFO -    Unnamed: 0                      date  tweets_count  date_only
0           0  2024-05-01T04:43:07.000Z           959 2024-05-01
1           1  2024-05-02T00:00:00.000Z           871 2024-05-02
2           2  2024-05-03T00:00:00.000Z           768 2024-05-03
3           3  2024-05-04T00:00:00.000Z           656 2024-05-04
4           4  2024-05-05T00:00:00.000Z           975 2024-05-05
5           5  2024-05-06T00:00:00.000Z         15119 2024-05-06
6           6  2024-05-07T00:00:00.000Z          8251 2024-05-07
7           7  2024-05-08T00:00:00.000Z          6992 2024-05-08
2024-05-08 10:19:16,192 - INFO - 

 Twitter API Got Initialized
2024-05-08 10:19:17,190 - INFO -    Unnamed: 0                      date  tweets_count  date_only
0           0  2024-05-01T04:49:09.000Z           939 2024-05-01
1           1  2024-05-02T00:00:00.000Z           871 2024-05-02
2           2  2024-05-03T00:00:00.000Z           768 2024-05-03
3           3  2024-05-04T00:00:00.000Z           656 2024-05-04
4           4  2024-05-05T00:00:00.000Z           975 2024-05-05
5           5  2024-05-06T00:00:00.000Z         15119 2024-05-06
6           6  2024-05-07T00:00:00.000Z          8251 2024-05-07
7           7  2024-05-08T00:00:00.000Z          7761 2024-05-08
2024-05-08 10:19:20,028 - INFO - 

 Twitter API Got Initialized
2024-05-08 10:19:20,030 - INFO -    Unnamed: 0                      date  tweets_count  date_only
0           0  2024-05-01T04:49:09.000Z           939 2024-05-01
1           1  2024-05-02T00:00:00.000Z           871 2024-05-02
2           2  2024-05-03T00:00:00.000Z           768 2024-05-03
3           3  2024-05-04T00:00:00.000Z           656 2024-05-04
4           4  2024-05-05T00:00:00.000Z           975 2024-05-05
5           5  2024-05-06T00:00:00.000Z         15119 2024-05-06
6           6  2024-05-07T00:00:00.000Z          8251 2024-05-07
7           7  2024-05-08T00:00:00.000Z          7761 2024-05-08
2024-05-08 10:19:21,064 - INFO - 

 Twitter API Got Initialized
2024-05-08 10:19:21,068 - INFO -    Unnamed: 0                      date  tweets_count  date_only
0           0  2024-05-01T04:49:09.000Z           939 2024-05-01
1           1  2024-05-02T00:00:00.000Z           871 2024-05-02
2           2  2024-05-03T00:00:00.000Z           768 2024-05-03
3           3  2024-05-04T00:00:00.000Z           656 2024-05-04
4           4  2024-05-05T00:00:00.000Z           975 2024-05-05
5           5  2024-05-06T00:00:00.000Z         15119 2024-05-06
6           6  2024-05-07T00:00:00.000Z          8251 2024-05-07
7           7  2024-05-08T00:00:00.000Z          7761 2024-05-08
2024-05-08 10:50:47,229 - INFO - 

 Twitter API Got Initialized
2024-05-08 10:50:49,903 - INFO -    Unnamed: 0                      date  tweets_count  date_only
0           0  2024-05-01T05:20:41.000Z            13 2024-05-01
1           1  2024-05-02T00:00:00.000Z            43 2024-05-02
2           2  2024-05-03T00:00:00.000Z            10 2024-05-03
3           3  2024-05-04T00:00:00.000Z         13710 2024-05-04
4           4  2024-05-05T00:00:00.000Z         37785 2024-05-05
5           5  2024-05-06T00:00:00.000Z         19741 2024-05-06
6           6  2024-05-07T00:00:00.000Z         11911 2024-05-07
7           7  2024-05-08T00:00:00.000Z          1535 2024-05-08
2024-05-08 10:50:54,303 - INFO - 

 Twitter API Got Initialized
2024-05-08 10:50:54,304 - INFO -    Unnamed: 0                      date  tweets_count  date_only
0           0  2024-05-01T05:20:41.000Z            13 2024-05-01
1           1  2024-05-02T00:00:00.000Z            43 2024-05-02
2           2  2024-05-03T00:00:00.000Z            10 2024-05-03
3           3  2024-05-04T00:00:00.000Z         13710 2024-05-04
4           4  2024-05-05T00:00:00.000Z         37785 2024-05-05
5           5  2024-05-06T00:00:00.000Z         19741 2024-05-06
6           6  2024-05-07T00:00:00.000Z         11911 2024-05-07
7           7  2024-05-08T00:00:00.000Z          1535 2024-05-08
2024-05-08 10:50:56,176 - INFO - 

 Twitter API Got Initialized
2024-05-08 10:50:56,176 - INFO -    Unnamed: 0                      date  tweets_count  date_only
0           0  2024-05-01T05:20:41.000Z            13 2024-05-01
1           1  2024-05-02T00:00:00.000Z            43 2024-05-02
2           2  2024-05-03T00:00:00.000Z            10 2024-05-03
3           3  2024-05-04T00:00:00.000Z         13710 2024-05-04
4           4  2024-05-05T00:00:00.000Z         37785 2024-05-05
5           5  2024-05-06T00:00:00.000Z         19741 2024-05-06
6           6  2024-05-07T00:00:00.000Z         11911 2024-05-07
7           7  2024-05-08T00:00:00.000Z          1535 2024-05-08
2024-05-08 10:52:34,870 - INFO - 

 Twitter API Got Initialized
2024-05-08 10:52:36,935 - INFO -    Unnamed: 0                      date  tweets_count  date_only
0           0  2024-05-01T05:22:28.000Z            13 2024-05-01
1           1  2024-05-02T00:00:00.000Z            43 2024-05-02
2           2  2024-05-03T00:00:00.000Z            10 2024-05-03
3           3  2024-05-04T00:00:00.000Z         13710 2024-05-04
4           4  2024-05-05T00:00:00.000Z         37785 2024-05-05
5           5  2024-05-06T00:00:00.000Z         19741 2024-05-06
6           6  2024-05-07T00:00:00.000Z         11910 2024-05-07
7           7  2024-05-08T00:00:00.000Z          1543 2024-05-08
2024-05-08 10:52:39,085 - INFO - 

 Twitter API Got Initialized
2024-05-08 10:52:39,087 - INFO -    Unnamed: 0                      date  tweets_count  date_only
0           0  2024-05-01T05:22:28.000Z            13 2024-05-01
1           1  2024-05-02T00:00:00.000Z            43 2024-05-02
2           2  2024-05-03T00:00:00.000Z            10 2024-05-03
3           3  2024-05-04T00:00:00.000Z         13710 2024-05-04
4           4  2024-05-05T00:00:00.000Z         37785 2024-05-05
5           5  2024-05-06T00:00:00.000Z         19741 2024-05-06
6           6  2024-05-07T00:00:00.000Z         11910 2024-05-07
7           7  2024-05-08T00:00:00.000Z          1543 2024-05-08
2024-05-08 10:52:55,404 - INFO - 

 Twitter API Got Initialized
2024-05-08 10:52:55,405 - INFO -    Unnamed: 0                      date  tweets_count  date_only
0           0  2024-05-01T05:22:28.000Z            13 2024-05-01
1           1  2024-05-02T00:00:00.000Z            43 2024-05-02
2           2  2024-05-03T00:00:00.000Z            10 2024-05-03
3           3  2024-05-04T00:00:00.000Z         13710 2024-05-04
4           4  2024-05-05T00:00:00.000Z         37785 2024-05-05
5           5  2024-05-06T00:00:00.000Z         19741 2024-05-06
6           6  2024-05-07T00:00:00.000Z         11910 2024-05-07
7           7  2024-05-08T00:00:00.000Z          1543 2024-05-08
2024-05-08 10:52:56,361 - INFO - 

 Twitter API Got Initialized
2024-05-08 10:52:56,361 - INFO -    Unnamed: 0                      date  tweets_count  date_only
0           0  2024-05-01T05:22:28.000Z            13 2024-05-01
1           1  2024-05-02T00:00:00.000Z            43 2024-05-02
2           2  2024-05-03T00:00:00.000Z            10 2024-05-03
3           3  2024-05-04T00:00:00.000Z         13710 2024-05-04
4           4  2024-05-05T00:00:00.000Z         37785 2024-05-05
5           5  2024-05-06T00:00:00.000Z         19741 2024-05-06
6           6  2024-05-07T00:00:00.000Z         11910 2024-05-07
7           7  2024-05-08T00:00:00.000Z          1543 2024-05-08
2024-05-08 10:54:41,273 - INFO - 

 Twitter API Got Initialized
2024-05-08 10:54:42,564 - INFO -    Unnamed: 0                      date  tweets_count  date_only
0           0  2024-05-01T05:24:34.000Z          1050 2024-05-01
1           1  2024-05-02T00:00:00.000Z          1625 2024-05-02
2           2  2024-05-03T00:00:00.000Z           502 2024-05-03
3           3  2024-05-04T00:00:00.000Z           170 2024-05-04
4           4  2024-05-05T00:00:00.000Z            78 2024-05-05
5           5  2024-05-06T00:00:00.000Z           135 2024-05-06
6           6  2024-05-07T00:00:00.000Z         11310 2024-05-07
7           7  2024-05-08T00:00:00.000Z          4065 2024-05-08
2024-05-08 10:54:45,020 - INFO - 

 Twitter API Got Initialized
2024-05-08 10:54:45,022 - INFO -    Unnamed: 0                      date  tweets_count  date_only
0           0  2024-05-01T05:24:34.000Z          1050 2024-05-01
1           1  2024-05-02T00:00:00.000Z          1625 2024-05-02
2           2  2024-05-03T00:00:00.000Z           502 2024-05-03
3           3  2024-05-04T00:00:00.000Z           170 2024-05-04
4           4  2024-05-05T00:00:00.000Z            78 2024-05-05
5           5  2024-05-06T00:00:00.000Z           135 2024-05-06
6           6  2024-05-07T00:00:00.000Z         11310 2024-05-07
7           7  2024-05-08T00:00:00.000Z          4065 2024-05-08
2024-05-08 10:54:54,972 - INFO - 

 Twitter API Got Initialized
2024-05-08 10:54:54,974 - INFO -    Unnamed: 0                      date  tweets_count  date_only
0           0  2024-05-01T05:24:34.000Z          1050 2024-05-01
1           1  2024-05-02T00:00:00.000Z          1625 2024-05-02
2           2  2024-05-03T00:00:00.000Z           502 2024-05-03
3           3  2024-05-04T00:00:00.000Z           170 2024-05-04
4           4  2024-05-05T00:00:00.000Z            78 2024-05-05
5           5  2024-05-06T00:00:00.000Z           135 2024-05-06
6           6  2024-05-07T00:00:00.000Z         11310 2024-05-07
7           7  2024-05-08T00:00:00.000Z          4065 2024-05-08
2024-05-08 10:54:56,259 - INFO - 

 Twitter API Got Initialized
2024-05-08 10:54:56,261 - INFO -    Unnamed: 0                      date  tweets_count  date_only
0           0  2024-05-01T05:24:34.000Z          1050 2024-05-01
1           1  2024-05-02T00:00:00.000Z          1625 2024-05-02
2           2  2024-05-03T00:00:00.000Z           502 2024-05-03
3           3  2024-05-04T00:00:00.000Z           170 2024-05-04
4           4  2024-05-05T00:00:00.000Z            78 2024-05-05
5           5  2024-05-06T00:00:00.000Z           135 2024-05-06
6           6  2024-05-07T00:00:00.000Z         11310 2024-05-07
7           7  2024-05-08T00:00:00.000Z          4065 2024-05-08
2024-05-08 10:56:51,081 - INFO - 

 Twitter API Got Initialized
2024-05-08 10:56:52,093 - INFO -    Unnamed: 0                      date  tweets_count  date_only
0           0  2024-05-01T05:26:44.000Z          1044 2024-05-01
1           1  2024-05-02T00:00:00.000Z          1625 2024-05-02
2           2  2024-05-03T00:00:00.000Z           502 2024-05-03
3           3  2024-05-04T00:00:00.000Z           170 2024-05-04
4           4  2024-05-05T00:00:00.000Z            78 2024-05-05
5           5  2024-05-06T00:00:00.000Z           135 2024-05-06
6           6  2024-05-07T00:00:00.000Z         11310 2024-05-07
7           7  2024-05-08T00:00:00.000Z          4096 2024-05-08
2024-05-08 10:56:54,998 - INFO - 

 Twitter API Got Initialized
2024-05-08 10:56:55,000 - INFO -    Unnamed: 0                      date  tweets_count  date_only
0           0  2024-05-01T05:26:44.000Z          1044 2024-05-01
1           1  2024-05-02T00:00:00.000Z          1625 2024-05-02
2           2  2024-05-03T00:00:00.000Z           502 2024-05-03
3           3  2024-05-04T00:00:00.000Z           170 2024-05-04
4           4  2024-05-05T00:00:00.000Z            78 2024-05-05
5           5  2024-05-06T00:00:00.000Z           135 2024-05-06
6           6  2024-05-07T00:00:00.000Z         11310 2024-05-07
7           7  2024-05-08T00:00:00.000Z          4096 2024-05-08
2024-05-08 10:56:55,569 - INFO - 

 Twitter API Got Initialized
2024-05-08 10:56:55,569 - INFO -    Unnamed: 0                      date  tweets_count  date_only
0           0  2024-05-01T05:26:44.000Z          1044 2024-05-01
1           1  2024-05-02T00:00:00.000Z          1625 2024-05-02
2           2  2024-05-03T00:00:00.000Z           502 2024-05-03
3           3  2024-05-04T00:00:00.000Z           170 2024-05-04
4           4  2024-05-05T00:00:00.000Z            78 2024-05-05
5           5  2024-05-06T00:00:00.000Z           135 2024-05-06
6           6  2024-05-07T00:00:00.000Z         11310 2024-05-07
7           7  2024-05-08T00:00:00.000Z          4096 2024-05-08
2024-05-08 11:05:35,709 - INFO - 

 Twitter API Got Initialized
2024-05-08 11:05:36,710 - INFO -    Unnamed: 0                      date  tweets_count  date_only
0           0  2024-05-01T05:35:29.000Z           116 2024-05-01
1           1  2024-05-02T00:00:00.000Z           741 2024-05-02
2           2  2024-05-03T00:00:00.000Z           165 2024-05-03
3           3  2024-05-04T00:00:00.000Z           119 2024-05-04
4           4  2024-05-05T00:00:00.000Z           131 2024-05-05
5           5  2024-05-06T00:00:00.000Z           259 2024-05-06
6           6  2024-05-07T00:00:00.000Z         14214 2024-05-07
7           7  2024-05-08T00:00:00.000Z          2856 2024-05-08
2024-05-08 11:05:43,839 - INFO - 

 Twitter API Got Initialized
2024-05-08 11:05:43,840 - INFO -    Unnamed: 0                      date  tweets_count  date_only
0           0  2024-05-01T05:35:29.000Z           116 2024-05-01
1           1  2024-05-02T00:00:00.000Z           741 2024-05-02
2           2  2024-05-03T00:00:00.000Z           165 2024-05-03
3           3  2024-05-04T00:00:00.000Z           119 2024-05-04
4           4  2024-05-05T00:00:00.000Z           131 2024-05-05
5           5  2024-05-06T00:00:00.000Z           259 2024-05-06
6           6  2024-05-07T00:00:00.000Z         14214 2024-05-07
7           7  2024-05-08T00:00:00.000Z          2856 2024-05-08
2024-05-08 11:05:46,820 - INFO - 

 Twitter API Got Initialized
2024-05-08 11:05:46,822 - INFO -    Unnamed: 0                      date  tweets_count  date_only
0           0  2024-05-01T05:35:29.000Z           116 2024-05-01
1           1  2024-05-02T00:00:00.000Z           741 2024-05-02
2           2  2024-05-03T00:00:00.000Z           165 2024-05-03
3           3  2024-05-04T00:00:00.000Z           119 2024-05-04
4           4  2024-05-05T00:00:00.000Z           131 2024-05-05
5           5  2024-05-06T00:00:00.000Z           259 2024-05-06
6           6  2024-05-07T00:00:00.000Z         14214 2024-05-07
7           7  2024-05-08T00:00:00.000Z          2856 2024-05-08
2024-05-08 11:09:01,388 - INFO - 

 Twitter API Got Initialized
2024-05-08 11:09:02,338 - INFO -    Unnamed: 0                      date  tweets_count  date_only
0           0  2024-05-01T05:38:54.000Z           116 2024-05-01
1           1  2024-05-02T00:00:00.000Z           741 2024-05-02
2           2  2024-05-03T00:00:00.000Z           165 2024-05-03
3           3  2024-05-04T00:00:00.000Z           119 2024-05-04
4           4  2024-05-05T00:00:00.000Z           131 2024-05-05
5           5  2024-05-06T00:00:00.000Z           259 2024-05-06
6           6  2024-05-07T00:00:00.000Z         14214 2024-05-07
7           7  2024-05-08T00:00:00.000Z          2937 2024-05-08
2024-05-08 11:10:05,584 - INFO - 

 Twitter API Got Initialized
2024-05-08 11:10:06,589 - INFO -    Unnamed: 0                      date  tweets_count  date_only
0           0  2024-05-01T05:39:59.000Z           116 2024-05-01
1           1  2024-05-02T00:00:00.000Z           741 2024-05-02
2           2  2024-05-03T00:00:00.000Z           165 2024-05-03
3           3  2024-05-04T00:00:00.000Z           119 2024-05-04
4           4  2024-05-05T00:00:00.000Z           131 2024-05-05
5           5  2024-05-06T00:00:00.000Z           259 2024-05-06
6           6  2024-05-07T00:00:00.000Z         14214 2024-05-07
7           7  2024-05-08T00:00:00.000Z          2959 2024-05-08
2024-05-08 11:10:10,855 - INFO - 

 Twitter API Got Initialized
2024-05-08 11:10:10,857 - INFO -    Unnamed: 0                      date  tweets_count  date_only
0           0  2024-05-01T05:39:59.000Z           116 2024-05-01
1           1  2024-05-02T00:00:00.000Z           741 2024-05-02
2           2  2024-05-03T00:00:00.000Z           165 2024-05-03
3           3  2024-05-04T00:00:00.000Z           119 2024-05-04
4           4  2024-05-05T00:00:00.000Z           131 2024-05-05
5           5  2024-05-06T00:00:00.000Z           259 2024-05-06
6           6  2024-05-07T00:00:00.000Z         14214 2024-05-07
7           7  2024-05-08T00:00:00.000Z          2959 2024-05-08
2024-05-08 11:17:09,839 - INFO - 

 Twitter API Got Initialized
2024-05-08 11:17:11,203 - INFO -    Unnamed: 0                      date  tweets_count  date_only
0           0  2024-05-01T05:47:03.000Z           203 2024-05-01
1           1  2024-05-02T00:00:00.000Z           387 2024-05-02
2           2  2024-05-03T00:00:00.000Z           271 2024-05-03
3           3  2024-05-04T00:00:00.000Z           128 2024-05-04
4           4  2024-05-05T00:00:00.000Z           171 2024-05-05
5           5  2024-05-06T00:00:00.000Z           321 2024-05-06
6           6  2024-05-07T00:00:00.000Z          1736 2024-05-07
7           7  2024-05-08T00:00:00.000Z           281 2024-05-08
2024-05-08 11:17:13,930 - INFO - 

 Twitter API Got Initialized
2024-05-08 11:17:13,930 - INFO -    Unnamed: 0                      date  tweets_count  date_only
0           0  2024-05-01T05:47:03.000Z           203 2024-05-01
1           1  2024-05-02T00:00:00.000Z           387 2024-05-02
2           2  2024-05-03T00:00:00.000Z           271 2024-05-03
3           3  2024-05-04T00:00:00.000Z           128 2024-05-04
4           4  2024-05-05T00:00:00.000Z           171 2024-05-05
5           5  2024-05-06T00:00:00.000Z           321 2024-05-06
6           6  2024-05-07T00:00:00.000Z          1736 2024-05-07
7           7  2024-05-08T00:00:00.000Z           281 2024-05-08
2024-05-08 11:20:49,909 - INFO - 

 Twitter API Got Initialized
2024-05-08 11:20:50,929 - INFO -    Unnamed: 0                      date  tweets_count  date_only
0           0  2024-05-01T05:50:43.000Z          9218 2024-05-01
1           1  2024-05-02T00:00:00.000Z          5399 2024-05-02
2           2  2024-05-03T00:00:00.000Z          3710 2024-05-03
3           3  2024-05-04T00:00:00.000Z          5701 2024-05-04
4           4  2024-05-05T00:00:00.000Z          5611 2024-05-05
5           5  2024-05-06T00:00:00.000Z         11991 2024-05-06
6           6  2024-05-07T00:00:00.000Z         10480 2024-05-07
7           7  2024-05-08T00:00:00.000Z          5290 2024-05-08
2024-05-08 11:20:54,490 - INFO - 

 Twitter API Got Initialized
2024-05-08 11:20:54,490 - INFO -    Unnamed: 0                      date  tweets_count  date_only
0           0  2024-05-01T05:50:43.000Z          9218 2024-05-01
1           1  2024-05-02T00:00:00.000Z          5399 2024-05-02
2           2  2024-05-03T00:00:00.000Z          3710 2024-05-03
3           3  2024-05-04T00:00:00.000Z          5701 2024-05-04
4           4  2024-05-05T00:00:00.000Z          5611 2024-05-05
5           5  2024-05-06T00:00:00.000Z         11991 2024-05-06
6           6  2024-05-07T00:00:00.000Z         10480 2024-05-07
7           7  2024-05-08T00:00:00.000Z          5290 2024-05-08
2024-05-08 11:28:12,410 - INFO - 

 Twitter API Got Initialized
2024-05-08 11:28:13,426 - INFO -    Unnamed: 0                      date  tweets_count  date_only
0           0  2024-05-01T05:58:05.000Z         19855 2024-05-01
1           1  2024-05-02T00:00:00.000Z         21360 2024-05-02
2           2  2024-05-03T00:00:00.000Z         18298 2024-05-03
3           3  2024-05-04T00:00:00.000Z         20693 2024-05-04
4           4  2024-05-05T00:00:00.000Z         13967 2024-05-05
5           5  2024-05-06T00:00:00.000Z         13850 2024-05-06
6           6  2024-05-07T00:00:00.000Z         24359 2024-05-07
7           7  2024-05-08T00:00:00.000Z          5466 2024-05-08
2024-05-08 11:28:15,554 - INFO - 

 Twitter API Got Initialized
2024-05-08 11:28:15,554 - INFO -    Unnamed: 0                      date  tweets_count  date_only
0           0  2024-05-01T05:58:05.000Z         19855 2024-05-01
1           1  2024-05-02T00:00:00.000Z         21360 2024-05-02
2           2  2024-05-03T00:00:00.000Z         18298 2024-05-03
3           3  2024-05-04T00:00:00.000Z         20693 2024-05-04
4           4  2024-05-05T00:00:00.000Z         13967 2024-05-05
5           5  2024-05-06T00:00:00.000Z         13850 2024-05-06
6           6  2024-05-07T00:00:00.000Z         24359 2024-05-07
7           7  2024-05-08T00:00:00.000Z          5466 2024-05-08
